<?xml version="1.0" encoding="UTF-8"?>
<!-- Generated by org.testng.reporters.JUnitReportReporter -->
<testsuite skipped="0" hostname="DESKTOP-K1R1GG0" name="EmailSending.Test1" tests="1" failures="0" timestamp="2022-05-11T17:06:41 IST" time="141.167" errors="0">
  <testcase name="emailSend" time="141.167" classname="EmailSending.Test1"/>
  <system-out/>
</testsuite> <!-- EmailSending.Test1 -->
